  CAUTHU.cpp
  DOIBONG.cpp
D:\PBL2_CSLT\Project1\DOIBONG.cpp(52,31): warning C4267: 'return': conversion from 'size_t' to 'int', possible loss of data
  main.cpp
D:\PBL2_CSLT\Project1\main.cpp(918,99): warning C4838: conversion from 'double' to 'int' requires a narrowing conversion
D:\PBL2_CSLT\Project1\main.cpp(918,99): warning C4244: 'initializing': conversion from 'double' to 'int', possible loss of data
D:\PBL2_CSLT\Project1\main.cpp(1296,89): warning C4838: conversion from 'double' to 'int' requires a narrowing conversion
D:\PBL2_CSLT\Project1\main.cpp(1296,89): warning C4244: 'initializing': conversion from 'double' to 'int', possible loss of data
D:\PBL2_CSLT\Project1\main.cpp(2314,88): warning C4838: conversion from 'double' to 'int' requires a narrowing conversion
D:\PBL2_CSLT\Project1\main.cpp(2314,88): warning C4244: 'initializing': conversion from 'double' to 'int', possible loss of data
D:\PBL2_CSLT\Project1\main.cpp(2704,87): warning C4838: conversion from 'double' to 'int' requires a narrowing conversion
D:\PBL2_CSLT\Project1\main.cpp(2704,87): warning C4244: 'initializing': conversion from 'double' to 'int', possible loss of data
D:\PBL2_CSLT\Project1\main.cpp(2979,55): warning C4838: conversion from 'double' to 'int' requires a narrowing conversion
D:\PBL2_CSLT\Project1\main.cpp(2979,55): warning C4244: 'initializing': conversion from 'double' to 'int', possible loss of data
D:\PBL2_CSLT\Project1\main.cpp(3120,55): warning C4838: conversion from 'double' to 'int' requires a narrowing conversion
D:\PBL2_CSLT\Project1\main.cpp(3120,55): warning C4244: 'initializing': conversion from 'double' to 'int', possible loss of data
D:\PBL2_CSLT\Project1\main.cpp(3258,55): warning C4838: conversion from 'double' to 'int' requires a narrowing conversion
D:\PBL2_CSLT\Project1\main.cpp(3258,55): warning C4244: 'initializing': conversion from 'double' to 'int', possible loss of data
D:\PBL2_CSLT\Project1\main.cpp(3662,89): warning C4838: conversion from 'double' to 'int' requires a narrowing conversion
D:\PBL2_CSLT\Project1\main.cpp(3662,89): warning C4244: 'initializing': conversion from 'double' to 'int', possible loss of data
D:\PBL2_CSLT\Project1\main.cpp(3780,39): warning C4267: '=': conversion from 'size_t' to 'int', possible loss of data
D:\PBL2_CSLT\Project1\main.cpp(3975,39): warning C4267: '=': conversion from 'size_t' to 'int', possible loss of data
D:\PBL2_CSLT\Project1\main.cpp(4095,55): warning C4267: 'initializing': conversion from 'size_t' to 'int', possible loss of data
D:\PBL2_CSLT\Project1\main.cpp(4095,33): warning C4267: 'initializing': conversion from 'size_t' to 'const int', possible loss of data
D:\PBL2_CSLT\Project1\main.cpp(4097,71): warning C4244: 'initializing': conversion from 'double' to 'int', possible loss of data
D:\PBL2_CSLT\Project1\main.cpp(4112,55): warning C4838: conversion from 'double' to 'int' requires a narrowing conversion
D:\PBL2_CSLT\Project1\main.cpp(4112,55): warning C4244: 'initializing': conversion from 'double' to 'int', possible loss of data
D:\PBL2_CSLT\Project1\main.cpp(4285,50): warning C4267: 'initializing': conversion from 'size_t' to 'int', possible loss of data
D:\PBL2_CSLT\Project1\main.cpp(4285,27): warning C4267: 'initializing': conversion from 'size_t' to 'const int', possible loss of data
D:\PBL2_CSLT\Project1\main.cpp(4303,49): warning C4838: conversion from 'double' to 'int' requires a narrowing conversion
D:\PBL2_CSLT\Project1\main.cpp(4303,49): warning C4244: 'initializing': conversion from 'double' to 'int', possible loss of data
D:\PBL2_CSLT\Project1\main.cpp(3702,28): warning C4101: 'count': unreferenced local variable
D:\PBL2_CSLT\Project1\main.cpp(3899,28): warning C4101: 'count': unreferenced local variable
  TRANDAU.cpp
  Generating Code...
D:\PBL2_CSLT\Project1\CAUTHU.cpp(133): warning C4715: 'CauThu::modifyPlayer': not all control paths return a value
D:\PBL2_CSLT\Project1\CAUTHU.cpp(40): warning C4715: 'CauThu::AddPlayer': not all control paths return a value
D:\PBL2_CSLT\Project1\CAUTHU.cpp(247): warning C4715: 'CauThu::handleModifyPlayer': not all control paths return a value
  Project1.vcxproj -> D:\PBL2_CSLT\x64\Debug\Project1.exe
